2018-05-01 09:57:28,972 [Worker-0] INFO  c.g.t.t.d.PublishedGradleVersions - Gradle version information cache is up-to-date. Trying to read.
2018-05-01 09:59:16,786 [Worker-10] INFO  o.e.m.c.i.l.LifecycleMappingFactory - Using NULL lifecycle mapping for MavenProject: swt1:iMage:0.0.1-SNAPSHOT @ /Users/rusheeliyer/softwaretechnik/iMage/pom.xml.
2018-05-01 09:59:36,342 [Worker-4] INFO  o.e.m.c.i.l.LifecycleMappingFactory - Using NULL lifecycle mapping for MavenProject: swt1:iMage:0.0.1-SNAPSHOT @ /Users/rusheeliyer/softwaretechnik/iMage/pom.xml.
2018-05-01 10:00:17,060 [Worker-7] INFO  o.e.m.c.i.l.LifecycleMappingFactory - Using NULL lifecycle mapping for MavenProject: swt1:iMage:0.0.1-SNAPSHOT @ /Users/rusheeliyer/softwaretechnik/iMage/pom.xml.
2018-05-01 10:00:54,647 [Worker-5] INFO  o.e.m.i.launch.MavenLaunchDelegate - /Users/rusheeliyer/softwaretechnik/iMage
2018-05-01 10:00:54,650 [Worker-5] INFO  o.e.m.i.launch.MavenLaunchDelegate -  mvn -B package
2018-05-01 10:01:41,247 [Worker-14] INFO  o.e.m.c.i.l.LifecycleMappingFactory - Using org.eclipse.m2e.jdt.JarLifecycleMapping lifecycle mapping for MavenProject: swt1:jmjrst.main:0.0.1-SNAPSHOT @ /Users/rusheeliyer/softwaretechnik/iMage/jmjrst.main/pom.xml.
2018-05-01 10:01:42,019 [Worker-14] INFO  o.e.m.j.i.AbstractJavaProjectConfigurator - Adding source folder /jmjrst.main/src/main/java
2018-05-01 10:01:42,023 [Worker-14] INFO  o.e.m.j.i.AbstractJavaProjectConfigurator - Adding resource folder /jmjrst.main/src/main/resources
2018-05-01 10:01:42,030 [Worker-14] INFO  o.e.m.j.i.AbstractJavaProjectConfigurator - Adding source folder /jmjrst.main/src/test/java
2018-05-01 10:01:42,030 [Worker-14] INFO  o.e.m.j.i.AbstractJavaProjectConfigurator - Adding resource folder /jmjrst.main/src/test/resources
2018-05-01 10:01:45,802 [Worker-4] INFO  o.e.m.c.i.embedder.EclipseLogger - Using 'UTF-8' encoding to copy filtered resources.
2018-05-01 10:01:45,812 [Worker-4] INFO  o.e.m.c.i.embedder.EclipseLogger - Copying 0 resource
2018-05-01 10:01:45,816 [Worker-4] INFO  o.e.m.c.i.embedder.EclipseLogger - Using 'UTF-8' encoding to copy filtered resources.
2018-05-01 10:01:45,816 [Worker-4] INFO  o.e.m.c.i.embedder.EclipseLogger - Copying 0 resource
2018-05-01 10:02:02,180 [Worker-13] INFO  o.e.m.c.i.l.LifecycleMappingFactory - Using org.eclipse.m2e.jdt.JarLifecycleMapping lifecycle mapping for MavenProject: swt1.ub1.a1:2091489:0.0.1-SNAPSHOT @ /Users/rusheeliyer/softwaretechnik/iMage/jmjrst.main/pom.xml.
2018-05-01 10:02:03,054 [Worker-13] INFO  o.e.m.c.i.embedder.EclipseLogger - Using 'UTF-8' encoding to copy filtered resources.
2018-05-01 10:02:03,058 [Worker-13] INFO  o.e.m.c.i.embedder.EclipseLogger - Copying 0 resource
2018-05-01 10:02:03,065 [Worker-13] INFO  o.e.m.c.i.embedder.EclipseLogger - Using 'UTF-8' encoding to copy filtered resources.
2018-05-01 10:02:03,065 [Worker-13] INFO  o.e.m.c.i.embedder.EclipseLogger - Copying 0 resource
2018-05-01 10:02:31,543 [Worker-1] INFO  o.e.m.c.i.embedder.EclipseLogger - Using 'UTF-8' encoding to copy filtered resources.
2018-05-01 10:02:31,545 [Worker-1] INFO  o.e.m.c.i.embedder.EclipseLogger - Copying 0 resource
2018-05-01 10:02:31,549 [Worker-1] INFO  o.e.m.c.i.embedder.EclipseLogger - Using 'UTF-8' encoding to copy filtered resources.
2018-05-01 10:02:31,550 [Worker-1] INFO  o.e.m.c.i.embedder.EclipseLogger - Copying 0 resource
2018-05-01 10:03:50,238 [Worker-2] INFO  o.e.m.c.i.embedder.EclipseLogger - Using 'UTF-8' encoding to copy filtered resources.
2018-05-01 10:03:50,247 [Worker-2] INFO  o.e.m.c.i.embedder.EclipseLogger - Copying 19 resources
2018-05-01 10:03:50,293 [Worker-2] INFO  o.e.m.c.i.embedder.EclipseLogger - Using 'UTF-8' encoding to copy filtered resources.
2018-05-01 10:03:50,293 [Worker-2] INFO  o.e.m.c.i.embedder.EclipseLogger - Copying 0 resource
2018-05-01 10:04:28,677 [Worker-3] INFO  o.e.m.c.i.embedder.EclipseLogger - Using 'UTF-8' encoding to copy filtered resources.
2018-05-01 10:04:28,678 [Worker-3] INFO  o.e.m.c.i.embedder.EclipseLogger - Copying 0 resource
2018-05-01 10:04:28,680 [Worker-3] INFO  o.e.m.c.i.embedder.EclipseLogger - Using 'UTF-8' encoding to copy filtered resources.
2018-05-01 10:04:28,680 [Worker-3] INFO  o.e.m.c.i.embedder.EclipseLogger - Copying 0 resource
2018-05-01 10:04:54,770 [Worker-4] INFO  o.e.m.c.i.l.LifecycleMappingFactory - Using NULL lifecycle mapping for MavenProject: swt1:iMage:0.0.1-SNAPSHOT @ /Users/rusheeliyer/softwaretechnik/iMage/pom.xml.
2018-05-01 10:04:55,796 [Worker-4] INFO  o.e.m.c.i.l.LifecycleMappingFactory - Using org.eclipse.m2e.jdt.JarLifecycleMapping lifecycle mapping for MavenProject: swt1.ub1.a1:2091489:0.0.1-SNAPSHOT @ /Users/rusheeliyer/softwaretechnik/iMage/jmjrst.main/pom.xml.
2018-05-01 10:04:56,348 [Worker-4] INFO  o.e.m.c.i.embedder.EclipseLogger - Using 'UTF-8' encoding to copy filtered resources.
2018-05-01 10:04:56,351 [Worker-4] INFO  o.e.m.c.i.embedder.EclipseLogger - Copying 0 resource
2018-05-01 10:04:56,355 [Worker-4] INFO  o.e.m.c.i.embedder.EclipseLogger - Using 'UTF-8' encoding to copy filtered resources.
2018-05-01 10:04:56,355 [Worker-4] INFO  o.e.m.c.i.embedder.EclipseLogger - Copying 0 resource
2018-05-01 10:05:12,503 [Worker-7] INFO  o.e.m.c.i.embedder.EclipseLogger - Using 'UTF-8' encoding to copy filtered resources.
2018-05-01 10:05:12,506 [Worker-7] INFO  o.e.m.c.i.embedder.EclipseLogger - Copying 19 resources
2018-05-01 10:05:12,519 [Worker-7] INFO  o.e.m.c.i.embedder.EclipseLogger - Using 'UTF-8' encoding to copy filtered resources.
2018-05-01 10:05:12,519 [Worker-7] INFO  o.e.m.c.i.embedder.EclipseLogger - Copying 0 resource
2018-05-01 10:06:13,212 [Worker-10] INFO  o.e.m.c.i.embedder.EclipseLogger - Using 'UTF-8' encoding to copy filtered resources.
2018-05-01 10:06:13,213 [Worker-10] INFO  o.e.m.c.i.embedder.EclipseLogger - Copying 0 resource
2018-05-01 10:06:13,216 [Worker-10] INFO  o.e.m.c.i.embedder.EclipseLogger - Using 'UTF-8' encoding to copy filtered resources.
2018-05-01 10:06:13,217 [Worker-10] INFO  o.e.m.c.i.embedder.EclipseLogger - Copying 0 resource
2018-05-01 10:06:21,147 [Worker-3] INFO  o.e.m.c.i.embedder.EclipseLogger - Using 'UTF-8' encoding to copy filtered resources.
2018-05-01 10:06:21,148 [Worker-3] INFO  o.e.m.c.i.embedder.EclipseLogger - Copying 0 resource
2018-05-01 10:06:21,150 [Worker-3] INFO  o.e.m.c.i.embedder.EclipseLogger - Using 'UTF-8' encoding to copy filtered resources.
2018-05-01 10:06:21,150 [Worker-3] INFO  o.e.m.c.i.embedder.EclipseLogger - Copying 1 resource
2018-05-01 10:06:31,942 [Worker-12] INFO  o.e.m.c.i.embedder.EclipseLogger - Using 'UTF-8' encoding to copy filtered resources.
2018-05-01 10:06:31,943 [Worker-12] INFO  o.e.m.c.i.embedder.EclipseLogger - Copying 0 resource
2018-05-01 10:06:31,946 [Worker-12] INFO  o.e.m.c.i.embedder.EclipseLogger - Using 'UTF-8' encoding to copy filtered resources.
2018-05-01 10:06:31,946 [Worker-12] INFO  o.e.m.c.i.embedder.EclipseLogger - Copying 0 resource
2018-05-01 10:07:46,596 [Worker-14] INFO  o.e.m.c.i.embedder.EclipseLogger - Using 'UTF-8' encoding to copy filtered resources.
2018-05-01 10:07:46,598 [Worker-14] INFO  o.e.m.c.i.embedder.EclipseLogger - Copying 0 resource
2018-05-01 10:07:46,600 [Worker-14] INFO  o.e.m.c.i.embedder.EclipseLogger - Using 'UTF-8' encoding to copy filtered resources.
2018-05-01 10:07:46,601 [Worker-14] INFO  o.e.m.c.i.embedder.EclipseLogger - Copying 0 resource
2018-05-01 10:07:58,894 [Worker-4] INFO  o.e.m.c.i.embedder.EclipseLogger - Using 'UTF-8' encoding to copy filtered resources.
2018-05-01 10:07:58,896 [Worker-4] INFO  o.e.m.c.i.embedder.EclipseLogger - Copying 0 resource
2018-05-01 10:07:58,898 [Worker-4] INFO  o.e.m.c.i.embedder.EclipseLogger - Using 'UTF-8' encoding to copy filtered resources.
2018-05-01 10:07:58,898 [Worker-4] INFO  o.e.m.c.i.embedder.EclipseLogger - Copying 0 resource
2018-05-01 10:08:08,297 [Worker-14] INFO  o.e.m.c.i.embedder.EclipseLogger - Using 'UTF-8' encoding to copy filtered resources.
2018-05-01 10:08:08,297 [Worker-14] INFO  o.e.m.c.i.embedder.EclipseLogger - Copying 0 resource
2018-05-01 10:08:08,301 [Worker-14] INFO  o.e.m.c.i.embedder.EclipseLogger - Using 'UTF-8' encoding to copy filtered resources.
2018-05-01 10:08:08,302 [Worker-14] INFO  o.e.m.c.i.embedder.EclipseLogger - Copying 0 resource
2018-05-01 10:10:28,480 [Worker-3] INFO  o.e.m.c.i.l.LifecycleMappingFactory - Using NULL lifecycle mapping for MavenProject: swt1:iMage:0.0.1-SNAPSHOT @ /Users/rusheeliyer/softwaretechnik/iMage/pom.xml.
2018-05-01 10:10:29,261 [Worker-3] INFO  o.e.m.c.i.l.LifecycleMappingFactory - Using org.eclipse.m2e.jdt.JarLifecycleMapping lifecycle mapping for MavenProject: swt1.ub1.a1:2091489:0.0.1-SNAPSHOT @ /Users/rusheeliyer/softwaretechnik/iMage/jmjrst.main/pom.xml.
2018-05-01 10:10:29,808 [Worker-3] INFO  o.e.m.c.i.embedder.EclipseLogger - Using 'UTF-8' encoding to copy filtered resources.
2018-05-01 10:10:29,811 [Worker-3] INFO  o.e.m.c.i.embedder.EclipseLogger - Copying 0 resource
2018-05-01 10:10:29,814 [Worker-3] INFO  o.e.m.c.i.embedder.EclipseLogger - Using 'UTF-8' encoding to copy filtered resources.
2018-05-01 10:10:29,814 [Worker-3] INFO  o.e.m.c.i.embedder.EclipseLogger - Copying 0 resource
2018-05-01 10:11:00,654 [Worker-4] INFO  o.e.m.c.i.l.LifecycleMappingFactory - Using NULL lifecycle mapping for MavenProject: swt1:iMage:0.0.1-SNAPSHOT @ /Users/rusheeliyer/softwaretechnik/iMage/pom.xml.
2018-05-01 10:11:01,443 [Worker-4] INFO  o.e.m.c.i.l.LifecycleMappingFactory - Using org.eclipse.m2e.jdt.JarLifecycleMapping lifecycle mapping for MavenProject: swt1.ub1.a1:2091489:0.0.1-SNAPSHOT @ /Users/rusheeliyer/softwaretechnik/iMage/jmjrst.main/pom.xml.
2018-05-01 10:11:01,965 [Worker-4] INFO  o.e.m.c.i.embedder.EclipseLogger - Using 'UTF-8' encoding to copy filtered resources.
2018-05-01 10:11:01,969 [Worker-4] INFO  o.e.m.c.i.embedder.EclipseLogger - Copying 0 resource
2018-05-01 10:11:01,972 [Worker-4] INFO  o.e.m.c.i.embedder.EclipseLogger - Using 'UTF-8' encoding to copy filtered resources.
2018-05-01 10:11:01,972 [Worker-4] INFO  o.e.m.c.i.embedder.EclipseLogger - Copying 0 resource
2018-05-01 10:12:20,886 [Worker-5] INFO  c.g.t.t.d.PublishedGradleVersions - Gradle version information cache is up-to-date. Trying to read.
2018-05-01 10:14:11,773 [Worker-22] INFO  o.e.m.c.i.embedder.EclipseLogger - Using 'UTF-8' encoding to copy filtered resources.
2018-05-01 10:14:11,788 [Worker-22] INFO  o.e.m.c.i.embedder.EclipseLogger - Copying 19 resources
2018-05-01 10:14:11,804 [Worker-22] INFO  o.e.m.c.i.embedder.EclipseLogger - Using 'UTF-8' encoding to copy filtered resources.
2018-05-01 10:14:11,805 [Worker-22] INFO  o.e.m.c.i.embedder.EclipseLogger - Copying 1 resource
2018-05-01 10:14:32,857 [Worker-10] INFO  o.e.m.c.i.embedder.EclipseLogger - Using 'UTF-8' encoding to copy filtered resources.
2018-05-01 10:14:32,865 [Worker-10] INFO  o.e.m.c.i.embedder.EclipseLogger - Copying 0 resource
2018-05-01 10:14:32,872 [Worker-10] INFO  o.e.m.c.i.embedder.EclipseLogger - Using 'UTF-8' encoding to copy filtered resources.
2018-05-01 10:14:32,873 [Worker-10] INFO  o.e.m.c.i.embedder.EclipseLogger - Copying 0 resource
2018-05-01 10:15:14,688 [Worker-10] INFO  o.e.m.c.i.embedder.EclipseLogger - Using 'UTF-8' encoding to copy filtered resources.
2018-05-01 10:15:14,693 [Worker-10] INFO  o.e.m.c.i.embedder.EclipseLogger - Copying 19 resources
2018-05-01 10:15:14,697 [Worker-10] INFO  o.e.m.c.i.embedder.EclipseLogger - Using 'UTF-8' encoding to copy filtered resources.
2018-05-01 10:15:14,697 [Worker-10] INFO  o.e.m.c.i.embedder.EclipseLogger - Copying 0 resource
2018-05-01 10:16:22,091 [Worker-31] INFO  o.e.m.i.launch.MavenLaunchDelegate - /Users/rusheeliyer/softwaretechnik/iMage
2018-05-01 10:16:22,093 [Worker-31] INFO  o.e.m.i.launch.MavenLaunchDelegate -  mvn -B package
2018-05-01 10:17:19,529 [Worker-10] INFO  o.e.m.c.i.embedder.EclipseLogger - Using 'UTF-8' encoding to copy filtered resources.
2018-05-01 10:17:19,540 [Worker-10] INFO  o.e.m.c.i.embedder.EclipseLogger - Copying 19 resources
2018-05-01 10:17:19,545 [Worker-10] INFO  o.e.m.c.i.embedder.EclipseLogger - Using 'UTF-8' encoding to copy filtered resources.
2018-05-01 10:17:19,545 [Worker-10] INFO  o.e.m.c.i.embedder.EclipseLogger - Copying 0 resource
2018-05-01 10:18:53,968 [Worker-8] INFO  o.e.m.c.i.l.LifecycleMappingFactory - Using NULL lifecycle mapping for MavenProject: swt1:iMage:0.0.1-SNAPSHOT @ /Users/rusheeliyer/softwaretechnik/iMage/pom.xml.
2018-05-01 10:18:55,345 [Worker-8] INFO  o.e.m.c.i.l.LifecycleMappingFactory - Using org.eclipse.m2e.jdt.JarLifecycleMapping lifecycle mapping for MavenProject: swt1.ub1.a1:2091489:0.0.1-SNAPSHOT @ /Users/rusheeliyer/softwaretechnik/iMage/jmjrst.main/pom.xml.
2018-05-01 10:18:55,982 [Worker-8] INFO  o.e.m.c.i.embedder.EclipseLogger - Using 'UTF-8' encoding to copy filtered resources.
2018-05-01 10:18:55,985 [Worker-8] INFO  o.e.m.c.i.embedder.EclipseLogger - Copying 0 resource
2018-05-01 10:18:55,988 [Worker-8] INFO  o.e.m.c.i.embedder.EclipseLogger - Using 'UTF-8' encoding to copy filtered resources.
2018-05-01 10:18:55,988 [Worker-8] INFO  o.e.m.c.i.embedder.EclipseLogger - Copying 0 resource
2018-05-01 10:18:57,434 [Worker-31] INFO  o.e.m.i.launch.MavenLaunchDelegate - /Users/rusheeliyer/softwaretechnik/iMage
2018-05-01 10:18:57,434 [Worker-31] INFO  o.e.m.i.launch.MavenLaunchDelegate -  mvn -B package
2018-05-01 10:21:37,719 [Worker-8] INFO  o.e.m.c.i.l.LifecycleMappingFactory - Using NULL lifecycle mapping for MavenProject: swt1:iMage:0.0.1-SNAPSHOT @ /Users/rusheeliyer/softwaretechnik/iMage/pom.xml.
2018-05-01 10:21:38,761 [Worker-8] INFO  o.e.m.c.i.l.LifecycleMappingFactory - Using org.eclipse.m2e.jdt.JarLifecycleMapping lifecycle mapping for MavenProject: swt1.ub1.a1:2091489:0.0.1-SNAPSHOT @ /Users/rusheeliyer/softwaretechnik/iMage/jmjrst.main/pom.xml.
2018-05-01 10:21:39,196 [Worker-8] INFO  o.e.m.c.i.embedder.EclipseLogger - Using 'UTF-8' encoding to copy filtered resources.
2018-05-01 10:21:39,200 [Worker-8] INFO  o.e.m.c.i.embedder.EclipseLogger - Copying 0 resource
2018-05-01 10:21:39,203 [Worker-8] INFO  o.e.m.c.i.embedder.EclipseLogger - Using 'UTF-8' encoding to copy filtered resources.
2018-05-01 10:21:39,204 [Worker-8] INFO  o.e.m.c.i.embedder.EclipseLogger - Copying 0 resource
2018-05-01 10:21:44,528 [Worker-8] INFO  o.e.m.i.launch.MavenLaunchDelegate - /Users/rusheeliyer/softwaretechnik/iMage
2018-05-01 10:21:44,535 [Worker-8] INFO  o.e.m.i.launch.MavenLaunchDelegate -  mvn -B package
2018-05-01 10:23:54,805 [Worker-8] INFO  o.e.m.c.i.embedder.EclipseLogger - Using 'UTF-8' encoding to copy filtered resources.
2018-05-01 10:23:54,807 [Worker-8] INFO  o.e.m.c.i.embedder.EclipseLogger - Copying 0 resource
2018-05-01 10:23:54,810 [Worker-8] INFO  o.e.m.c.i.embedder.EclipseLogger - Using 'UTF-8' encoding to copy filtered resources.
2018-05-01 10:23:54,810 [Worker-8] INFO  o.e.m.c.i.embedder.EclipseLogger - Copying 0 resource
2018-05-01 10:24:22,628 [Worker-28] INFO  o.e.m.c.i.l.LifecycleMappingFactory - Using NULL lifecycle mapping for MavenProject: swt1:iMage:0.0.1-SNAPSHOT @ /Users/rusheeliyer/softwaretechnik/iMage/pom.xml.
2018-05-01 10:24:24,079 [Worker-28] INFO  o.e.m.c.i.l.LifecycleMappingFactory - Using org.eclipse.m2e.jdt.JarLifecycleMapping lifecycle mapping for MavenProject: swt1.ub1.a1:2091489:0.0.1-SNAPSHOT @ /Users/rusheeliyer/softwaretechnik/iMage/jmjrst.main/pom.xml.
2018-05-01 10:24:25,649 [Worker-28] INFO  o.e.m.c.i.embedder.EclipseLogger - Using 'UTF-8' encoding to copy filtered resources.
2018-05-01 10:24:25,654 [Worker-28] INFO  o.e.m.c.i.embedder.EclipseLogger - Copying 19 resources
2018-05-01 10:24:25,682 [Worker-28] INFO  o.e.m.c.i.embedder.EclipseLogger - Using 'UTF-8' encoding to copy filtered resources.
2018-05-01 10:24:25,682 [Worker-28] INFO  o.e.m.c.i.embedder.EclipseLogger - Copying 1 resource
2018-05-01 10:24:50,644 [Worker-8] INFO  o.e.m.c.i.l.LifecycleMappingFactory - Using org.eclipse.m2e.jdt.JarLifecycleMapping lifecycle mapping for MavenProject: swt1.ub1.a1:2091489:0.0.1-SNAPSHOT @ /Users/rusheeliyer/softwaretechnik/iMage/jmjrst.main/pom.xml.
2018-05-01 10:24:51,011 [Worker-8] INFO  o.e.m.c.i.embedder.EclipseLogger - Using 'UTF-8' encoding to copy filtered resources.
2018-05-01 10:24:51,016 [Worker-8] INFO  o.e.m.c.i.embedder.EclipseLogger - Copying 19 resources
2018-05-01 10:24:51,044 [Worker-8] INFO  o.e.m.c.i.embedder.EclipseLogger - Using 'UTF-8' encoding to copy filtered resources.
2018-05-01 10:24:51,044 [Worker-8] INFO  o.e.m.c.i.embedder.EclipseLogger - Copying 1 resource
2018-05-01 10:27:12,281 [Worker-42] INFO  o.e.m.c.i.l.LifecycleMappingFactory - Using NULL lifecycle mapping for MavenProject: swt1:iMage:0.0.1-SNAPSHOT @ /Users/rusheeliyer/softwaretechnik/iMage/pom.xml.
2018-05-01 10:27:13,087 [Worker-42] INFO  o.e.m.c.i.l.LifecycleMappingFactory - Using org.eclipse.m2e.jdt.JarLifecycleMapping lifecycle mapping for MavenProject: swt1.ub1.a1:2091489:0.0.1-SNAPSHOT @ /Users/rusheeliyer/softwaretechnik/iMage/jmjrst.main/pom.xml.
2018-05-01 10:27:13,466 [Worker-42] INFO  o.e.m.c.i.embedder.EclipseLogger - Using 'UTF-8' encoding to copy filtered resources.
2018-05-01 10:27:13,470 [Worker-42] INFO  o.e.m.c.i.embedder.EclipseLogger - Copying 0 resource
2018-05-01 10:27:13,472 [Worker-42] INFO  o.e.m.c.i.embedder.EclipseLogger - Using 'UTF-8' encoding to copy filtered resources.
2018-05-01 10:27:13,472 [Worker-42] INFO  o.e.m.c.i.embedder.EclipseLogger - Copying 0 resource
2018-05-01 10:28:42,971 [Worker-37] INFO  o.e.m.c.i.embedder.EclipseLogger - Using 'UTF-8' encoding to copy filtered resources.
2018-05-01 10:28:42,979 [Worker-37] INFO  o.e.m.c.i.embedder.EclipseLogger - Copying 19 resources
2018-05-01 10:28:42,998 [Worker-37] INFO  o.e.m.c.i.embedder.EclipseLogger - Using 'UTF-8' encoding to copy filtered resources.
2018-05-01 10:28:42,998 [Worker-37] INFO  o.e.m.c.i.embedder.EclipseLogger - Copying 0 resource
2018-05-01 10:29:37,577 [Worker-38] INFO  o.e.m.i.launch.MavenLaunchDelegate - /Users/rusheeliyer/softwaretechnik/iMage
2018-05-01 10:29:37,582 [Worker-38] INFO  o.e.m.i.launch.MavenLaunchDelegate -  mvn -B package
2018-05-01 10:33:25,315 [Worker-46] INFO  o.e.m.c.i.embedder.EclipseLogger - Using 'UTF-8' encoding to copy filtered resources.
2018-05-01 10:33:25,321 [Worker-46] INFO  o.e.m.c.i.embedder.EclipseLogger - Copying 2 resources
2018-05-01 10:33:25,340 [Worker-46] INFO  o.e.m.c.i.embedder.EclipseLogger - Using 'UTF-8' encoding to copy filtered resources.
2018-05-01 10:33:25,340 [Worker-46] INFO  o.e.m.c.i.embedder.EclipseLogger - Copying 0 resource
2018-05-01 10:34:09,416 [Worker-38] INFO  o.e.m.i.launch.MavenLaunchDelegate - /Users/rusheeliyer/softwaretechnik/iMage
2018-05-01 10:34:09,418 [Worker-38] INFO  o.e.m.i.launch.MavenLaunchDelegate -  mvn -B package
2018-05-01 10:34:46,934 [Worker-37] INFO  o.e.m.c.i.embedder.EclipseLogger - Using 'UTF-8' encoding to copy filtered resources.
2018-05-01 10:34:46,935 [Worker-37] INFO  o.e.m.c.i.embedder.EclipseLogger - Copying 0 resource
2018-05-01 10:34:46,937 [Worker-37] INFO  o.e.m.c.i.embedder.EclipseLogger - Using 'UTF-8' encoding to copy filtered resources.
2018-05-01 10:34:46,941 [Worker-37] INFO  o.e.m.c.i.embedder.EclipseLogger - Copying 0 resource
2018-05-01 14:14:47,010 [Worker-1] INFO  c.g.t.t.d.PublishedGradleVersions - Gradle version information cache is up-to-date. Trying to read.
2018-05-01 14:23:33,085 [Worker-9] INFO  o.e.m.c.i.l.LifecycleMappingFactory - Using org.eclipse.m2e.jdt.JarLifecycleMapping lifecycle mapping for MavenProject: swt1.ub1.a1:2091489:0.0.1-SNAPSHOT @ /Users/rusheeliyer/softwaretechnik/iMage/jmjrst.main/pom.xml.
2018-05-01 14:23:33,700 [Worker-9] INFO  o.e.m.c.i.embedder.EclipseLogger - Using 'UTF-8' encoding to copy filtered resources.
2018-05-01 14:23:33,728 [Worker-9] INFO  o.e.m.c.i.embedder.EclipseLogger - Copying 19 resources
2018-05-01 14:23:33,745 [Worker-9] INFO  o.e.m.c.i.embedder.EclipseLogger - Using 'UTF-8' encoding to copy filtered resources.
2018-05-01 14:23:33,745 [Worker-9] INFO  o.e.m.c.i.embedder.EclipseLogger - Copying 1 resource
2018-05-01 14:23:36,438 [Worker-15] INFO  o.e.m.c.i.embedder.EclipseLogger - Using 'UTF-8' encoding to copy filtered resources.
2018-05-01 14:23:36,449 [Worker-15] INFO  o.e.m.c.i.embedder.EclipseLogger - Copying 19 resources
2018-05-01 14:23:36,486 [Worker-15] INFO  o.e.m.c.i.embedder.EclipseLogger - Using 'UTF-8' encoding to copy filtered resources.
2018-05-01 14:23:36,486 [Worker-15] INFO  o.e.m.c.i.embedder.EclipseLogger - Copying 1 resource
2018-05-01 14:27:20,986 [Worker-9] INFO  o.e.m.c.i.l.LifecycleMappingFactory - Using org.eclipse.m2e.jdt.JarLifecycleMapping lifecycle mapping for MavenProject: swt1.ub1.a2:2091489:0.0.1-SNAPSHOT @ /Users/rusheeliyer/softwaretechnik/iMage/jmjrst.main/pom.xml.
2018-05-01 14:27:21,806 [Worker-9] INFO  o.e.m.c.i.embedder.EclipseLogger - Using 'UTF-8' encoding to copy filtered resources.
2018-05-01 14:27:21,811 [Worker-9] INFO  o.e.m.c.i.embedder.EclipseLogger - Copying 0 resource
2018-05-01 14:27:21,817 [Worker-9] INFO  o.e.m.c.i.embedder.EclipseLogger - Using 'UTF-8' encoding to copy filtered resources.
2018-05-01 14:27:21,818 [Worker-9] INFO  o.e.m.c.i.embedder.EclipseLogger - Copying 0 resource
2018-05-01 14:27:59,496 [Worker-33] INFO  o.e.m.c.i.embedder.EclipseLogger - Using 'UTF-8' encoding to copy filtered resources.
2018-05-01 14:27:59,498 [Worker-33] INFO  o.e.m.c.i.embedder.EclipseLogger - Copying 0 resource
2018-05-01 14:27:59,500 [Worker-33] INFO  o.e.m.c.i.embedder.EclipseLogger - Using 'UTF-8' encoding to copy filtered resources.
2018-05-01 14:27:59,501 [Worker-33] INFO  o.e.m.c.i.embedder.EclipseLogger - Copying 1 resource
2018-05-01 14:29:14,137 [Worker-33] INFO  o.e.m.c.i.embedder.EclipseLogger - Using 'UTF-8' encoding to copy filtered resources.
2018-05-01 14:29:14,138 [Worker-33] INFO  o.e.m.c.i.embedder.EclipseLogger - Copying 0 resource
2018-05-01 14:29:14,142 [Worker-33] INFO  o.e.m.c.i.embedder.EclipseLogger - Using 'UTF-8' encoding to copy filtered resources.
2018-05-01 14:29:14,143 [Worker-33] INFO  o.e.m.c.i.embedder.EclipseLogger - Copying 1 resource
2018-05-01 14:29:20,300 [Worker-35] INFO  o.e.m.c.i.embedder.EclipseLogger - Using 'UTF-8' encoding to copy filtered resources.
2018-05-01 14:29:20,302 [Worker-35] INFO  o.e.m.c.i.embedder.EclipseLogger - Copying 0 resource
2018-05-01 14:29:20,304 [Worker-35] INFO  o.e.m.c.i.embedder.EclipseLogger - Using 'UTF-8' encoding to copy filtered resources.
2018-05-01 14:29:20,305 [Worker-35] INFO  o.e.m.c.i.embedder.EclipseLogger - Copying 1 resource
2018-05-01 14:29:31,400 [Worker-34] INFO  o.e.m.c.i.embedder.EclipseLogger - Using 'UTF-8' encoding to copy filtered resources.
2018-05-01 14:29:31,401 [Worker-34] INFO  o.e.m.c.i.embedder.EclipseLogger - Copying 0 resource
2018-05-01 14:29:31,403 [Worker-34] INFO  o.e.m.c.i.embedder.EclipseLogger - Using 'UTF-8' encoding to copy filtered resources.
2018-05-01 14:29:31,403 [Worker-34] INFO  o.e.m.c.i.embedder.EclipseLogger - Copying 1 resource
2018-05-01 14:30:12,418 [Worker-9] INFO  o.e.m.c.i.embedder.EclipseLogger - Using 'UTF-8' encoding to copy filtered resources.
2018-05-01 14:30:12,420 [Worker-9] INFO  o.e.m.c.i.embedder.EclipseLogger - Copying 0 resource
2018-05-01 14:30:12,424 [Worker-9] INFO  o.e.m.c.i.embedder.EclipseLogger - Using 'UTF-8' encoding to copy filtered resources.
2018-05-01 14:30:12,428 [Worker-9] INFO  o.e.m.c.i.embedder.EclipseLogger - Copying 1 resource
2018-05-01 14:30:44,091 [Worker-32] INFO  o.e.m.c.i.embedder.EclipseLogger - Using 'UTF-8' encoding to copy filtered resources.
2018-05-01 14:30:44,093 [Worker-32] INFO  o.e.m.c.i.embedder.EclipseLogger - Copying 0 resource
2018-05-01 14:30:44,099 [Worker-32] INFO  o.e.m.c.i.embedder.EclipseLogger - Using 'UTF-8' encoding to copy filtered resources.
2018-05-01 14:30:44,100 [Worker-32] INFO  o.e.m.c.i.embedder.EclipseLogger - Copying 2 resources
2018-05-01 14:31:05,184 [Worker-34] INFO  o.e.m.c.i.embedder.EclipseLogger - Using 'UTF-8' encoding to copy filtered resources.
2018-05-01 14:31:05,186 [Worker-34] INFO  o.e.m.c.i.embedder.EclipseLogger - Copying 0 resource
2018-05-01 14:31:05,190 [Worker-34] INFO  o.e.m.c.i.embedder.EclipseLogger - Using 'UTF-8' encoding to copy filtered resources.
2018-05-01 14:31:05,191 [Worker-34] INFO  o.e.m.c.i.embedder.EclipseLogger - Copying 2 resources
2018-05-01 14:31:09,998 [Worker-32] INFO  o.e.m.c.i.embedder.EclipseLogger - Using 'UTF-8' encoding to copy filtered resources.
2018-05-01 14:31:09,998 [Worker-32] INFO  o.e.m.c.i.embedder.EclipseLogger - Copying 0 resource
2018-05-01 14:31:10,005 [Worker-32] INFO  o.e.m.c.i.embedder.EclipseLogger - Using 'UTF-8' encoding to copy filtered resources.
2018-05-01 14:31:10,005 [Worker-32] INFO  o.e.m.c.i.embedder.EclipseLogger - Copying 2 resources
2018-05-01 14:31:15,236 [Worker-34] INFO  o.e.m.c.i.embedder.EclipseLogger - Using 'UTF-8' encoding to copy filtered resources.
2018-05-01 14:31:15,244 [Worker-34] INFO  o.e.m.c.i.embedder.EclipseLogger - Copying 0 resource
2018-05-01 14:31:15,246 [Worker-34] INFO  o.e.m.c.i.embedder.EclipseLogger - Using 'UTF-8' encoding to copy filtered resources.
2018-05-01 14:31:15,247 [Worker-34] INFO  o.e.m.c.i.embedder.EclipseLogger - Copying 2 resources
2018-05-01 14:32:06,239 [Worker-34] INFO  o.e.m.c.i.embedder.EclipseLogger - Using 'UTF-8' encoding to copy filtered resources.
2018-05-01 14:32:06,242 [Worker-34] INFO  o.e.m.c.i.embedder.EclipseLogger - Copying 0 resource
2018-05-01 14:32:06,245 [Worker-34] INFO  o.e.m.c.i.embedder.EclipseLogger - Using 'UTF-8' encoding to copy filtered resources.
2018-05-01 14:32:06,246 [Worker-34] INFO  o.e.m.c.i.embedder.EclipseLogger - Copying 2 resources
2018-05-01 14:32:12,799 [Worker-34] INFO  o.e.m.c.i.embedder.EclipseLogger - Using 'UTF-8' encoding to copy filtered resources.
2018-05-01 14:32:12,799 [Worker-34] INFO  o.e.m.c.i.embedder.EclipseLogger - Copying 0 resource
2018-05-01 14:32:12,801 [Worker-34] INFO  o.e.m.c.i.embedder.EclipseLogger - Using 'UTF-8' encoding to copy filtered resources.
2018-05-01 14:32:12,802 [Worker-34] INFO  o.e.m.c.i.embedder.EclipseLogger - Copying 2 resources
2018-05-01 14:32:21,918 [Worker-32] INFO  o.e.m.c.i.embedder.EclipseLogger - Using 'UTF-8' encoding to copy filtered resources.
2018-05-01 14:32:21,921 [Worker-32] INFO  o.e.m.c.i.embedder.EclipseLogger - Copying 0 resource
2018-05-01 14:32:21,924 [Worker-32] INFO  o.e.m.c.i.embedder.EclipseLogger - Using 'UTF-8' encoding to copy filtered resources.
2018-05-01 14:32:21,925 [Worker-32] INFO  o.e.m.c.i.embedder.EclipseLogger - Copying 2 resources
2018-05-01 14:32:33,082 [Worker-9] INFO  o.e.m.c.i.embedder.EclipseLogger - Using 'UTF-8' encoding to copy filtered resources.
2018-05-01 14:32:33,082 [Worker-9] INFO  o.e.m.c.i.embedder.EclipseLogger - Copying 0 resource
2018-05-01 14:32:33,085 [Worker-9] INFO  o.e.m.c.i.embedder.EclipseLogger - Using 'UTF-8' encoding to copy filtered resources.
2018-05-01 14:32:33,086 [Worker-9] INFO  o.e.m.c.i.embedder.EclipseLogger - Copying 2 resources
2018-05-01 14:32:39,098 [Worker-33] INFO  o.e.m.c.i.embedder.EclipseLogger - Using 'UTF-8' encoding to copy filtered resources.
2018-05-01 14:32:39,098 [Worker-33] INFO  o.e.m.c.i.embedder.EclipseLogger - Copying 0 resource
2018-05-01 14:32:39,100 [Worker-33] INFO  o.e.m.c.i.embedder.EclipseLogger - Using 'UTF-8' encoding to copy filtered resources.
2018-05-01 14:32:39,100 [Worker-33] INFO  o.e.m.c.i.embedder.EclipseLogger - Copying 2 resources
2018-05-01 14:33:04,178 [Worker-33] INFO  o.e.m.c.i.embedder.EclipseLogger - Using 'UTF-8' encoding to copy filtered resources.
2018-05-01 14:33:04,178 [Worker-33] INFO  o.e.m.c.i.embedder.EclipseLogger - Copying 0 resource
2018-05-01 14:33:04,181 [Worker-33] INFO  o.e.m.c.i.embedder.EclipseLogger - Using 'UTF-8' encoding to copy filtered resources.
2018-05-01 14:33:04,182 [Worker-33] INFO  o.e.m.c.i.embedder.EclipseLogger - Copying 2 resources
2018-05-01 14:33:23,891 [Worker-36] INFO  o.e.m.c.i.embedder.EclipseLogger - Using 'UTF-8' encoding to copy filtered resources.
2018-05-01 14:33:23,896 [Worker-36] INFO  o.e.m.c.i.embedder.EclipseLogger - Copying 0 resource
2018-05-01 14:33:23,898 [Worker-36] INFO  o.e.m.c.i.embedder.EclipseLogger - Using 'UTF-8' encoding to copy filtered resources.
2018-05-01 14:33:23,899 [Worker-36] INFO  o.e.m.c.i.embedder.EclipseLogger - Copying 2 resources
2018-05-01 14:33:31,296 [Worker-35] INFO  o.e.m.c.i.embedder.EclipseLogger - Using 'UTF-8' encoding to copy filtered resources.
2018-05-01 14:33:31,297 [Worker-35] INFO  o.e.m.c.i.embedder.EclipseLogger - Copying 0 resource
2018-05-01 14:33:31,302 [Worker-35] INFO  o.e.m.c.i.embedder.EclipseLogger - Using 'UTF-8' encoding to copy filtered resources.
2018-05-01 14:33:31,302 [Worker-35] INFO  o.e.m.c.i.embedder.EclipseLogger - Copying 2 resources
2018-05-01 14:34:40,117 [Worker-34] INFO  o.e.m.c.i.embedder.EclipseLogger - Using 'UTF-8' encoding to copy filtered resources.
2018-05-01 14:34:40,118 [Worker-34] INFO  o.e.m.c.i.embedder.EclipseLogger - Copying 0 resource
2018-05-01 14:34:40,120 [Worker-34] INFO  o.e.m.c.i.embedder.EclipseLogger - Using 'UTF-8' encoding to copy filtered resources.
2018-05-01 14:34:40,120 [Worker-34] INFO  o.e.m.c.i.embedder.EclipseLogger - Copying 2 resources
2018-05-01 14:34:49,848 [Worker-31] INFO  o.e.m.c.i.embedder.EclipseLogger - Using 'UTF-8' encoding to copy filtered resources.
2018-05-01 14:34:49,848 [Worker-31] INFO  o.e.m.c.i.embedder.EclipseLogger - Copying 0 resource
2018-05-01 14:34:49,850 [Worker-31] INFO  o.e.m.c.i.embedder.EclipseLogger - Using 'UTF-8' encoding to copy filtered resources.
2018-05-01 14:34:49,851 [Worker-31] INFO  o.e.m.c.i.embedder.EclipseLogger - Copying 2 resources
2018-05-01 14:36:09,435 [Worker-35] INFO  o.e.m.c.i.embedder.EclipseLogger - Using 'UTF-8' encoding to copy filtered resources.
2018-05-01 14:36:09,441 [Worker-35] INFO  o.e.m.c.i.embedder.EclipseLogger - Copying 0 resource
2018-05-01 14:36:09,443 [Worker-35] INFO  o.e.m.c.i.embedder.EclipseLogger - Using 'UTF-8' encoding to copy filtered resources.
2018-05-01 14:36:09,444 [Worker-35] INFO  o.e.m.c.i.embedder.EclipseLogger - Copying 2 resources
2018-05-01 14:36:21,765 [Worker-35] INFO  o.e.m.c.i.embedder.EclipseLogger - Using 'UTF-8' encoding to copy filtered resources.
2018-05-01 14:36:21,766 [Worker-35] INFO  o.e.m.c.i.embedder.EclipseLogger - Copying 0 resource
2018-05-01 14:36:21,767 [Worker-35] INFO  o.e.m.c.i.embedder.EclipseLogger - Using 'UTF-8' encoding to copy filtered resources.
2018-05-01 14:36:21,768 [Worker-35] INFO  o.e.m.c.i.embedder.EclipseLogger - Copying 2 resources
2018-05-01 14:36:30,536 [Worker-35] INFO  o.e.m.c.i.embedder.EclipseLogger - Using 'UTF-8' encoding to copy filtered resources.
2018-05-01 14:36:30,537 [Worker-35] INFO  o.e.m.c.i.embedder.EclipseLogger - Copying 0 resource
2018-05-01 14:36:30,539 [Worker-35] INFO  o.e.m.c.i.embedder.EclipseLogger - Using 'UTF-8' encoding to copy filtered resources.
2018-05-01 14:36:30,540 [Worker-35] INFO  o.e.m.c.i.embedder.EclipseLogger - Copying 2 resources
2018-05-01 14:36:55,011 [Start Help Server] INFO  org.eclipse.jetty.util.log - Logging initialized @1358509ms to org.eclipse.jetty.util.log.Slf4jLog
2018-05-01 14:36:55,540 [Start Help Server] INFO  org.eclipse.jetty.server.Server - jetty-9.4.8.v20171121, build timestamp: 2017-11-21T22:27:37+01:00, git hash: 82b8fb23f757335bb3329d540ce37a2a2615f0a8
2018-05-01 14:36:55,704 [Start Help Server] INFO  org.eclipse.jetty.server.session - DefaultSessionIdManager workerName=node0
2018-05-01 14:36:55,705 [Start Help Server] INFO  org.eclipse.jetty.server.session - No SessionScavenger set, using defaults
2018-05-01 14:36:55,717 [Start Help Server] INFO  org.eclipse.jetty.server.session - Scavenging every 660000ms
2018-05-01 14:36:55,806 [Start Help Server] INFO  o.e.j.server.handler.ContextHandler - Started o.e.j.s.ServletContextHandler@6ab3051a{/help,null,AVAILABLE}
2018-05-01 14:36:55,846 [Start Help Server] INFO  o.e.jetty.server.AbstractConnector - Started ServerConnector@6a93242f{HTTP/1.1,[http/1.1]}{127.0.0.1:62434}
2018-05-01 14:36:55,846 [Start Help Server] INFO  org.eclipse.jetty.server.Server - Started @1359346ms
2018-05-01 14:37:17,390 [Worker-35] INFO  o.e.m.c.i.embedder.EclipseLogger - Using 'UTF-8' encoding to copy filtered resources.
2018-05-01 14:37:17,391 [Worker-35] INFO  o.e.m.c.i.embedder.EclipseLogger - Copying 0 resource
2018-05-01 14:37:17,393 [Worker-35] INFO  o.e.m.c.i.embedder.EclipseLogger - Using 'UTF-8' encoding to copy filtered resources.
2018-05-01 14:37:17,394 [Worker-35] INFO  o.e.m.c.i.embedder.EclipseLogger - Copying 2 resources
2018-05-01 14:37:23,229 [Worker-36] INFO  o.e.m.c.i.embedder.EclipseLogger - Using 'UTF-8' encoding to copy filtered resources.
2018-05-01 14:37:23,230 [Worker-36] INFO  o.e.m.c.i.embedder.EclipseLogger - Copying 0 resource
2018-05-01 14:37:23,231 [Worker-36] INFO  o.e.m.c.i.embedder.EclipseLogger - Using 'UTF-8' encoding to copy filtered resources.
2018-05-01 14:37:23,232 [Worker-36] INFO  o.e.m.c.i.embedder.EclipseLogger - Copying 2 resources
2018-05-01 14:38:37,262 [Worker-35] INFO  o.e.m.c.i.embedder.EclipseLogger - Using 'UTF-8' encoding to copy filtered resources.
2018-05-01 14:38:37,265 [Worker-35] INFO  o.e.m.c.i.embedder.EclipseLogger - Copying 19 resources
2018-05-01 14:38:37,268 [Worker-35] INFO  o.e.m.c.i.embedder.EclipseLogger - Using 'UTF-8' encoding to copy filtered resources.
2018-05-01 14:38:37,268 [Worker-35] INFO  o.e.m.c.i.embedder.EclipseLogger - Copying 0 resource
2018-05-01 14:38:51,960 [Worker-35] INFO  o.e.m.c.i.embedder.EclipseLogger - Using 'UTF-8' encoding to copy filtered resources.
2018-05-01 14:38:51,962 [Worker-35] INFO  o.e.m.c.i.embedder.EclipseLogger - Copying 19 resources
2018-05-01 14:38:51,964 [Worker-35] INFO  o.e.m.c.i.embedder.EclipseLogger - Using 'UTF-8' encoding to copy filtered resources.
2018-05-01 14:38:51,965 [Worker-35] INFO  o.e.m.c.i.embedder.EclipseLogger - Copying 0 resource
2018-05-01 14:39:20,109 [Worker-35] INFO  o.e.m.c.i.embedder.EclipseLogger - Using 'UTF-8' encoding to copy filtered resources.
2018-05-01 14:39:20,114 [Worker-35] INFO  o.e.m.c.i.embedder.EclipseLogger - Copying 19 resources
2018-05-01 14:39:20,116 [Worker-35] INFO  o.e.m.c.i.embedder.EclipseLogger - Using 'UTF-8' encoding to copy filtered resources.
2018-05-01 14:39:20,117 [Worker-35] INFO  o.e.m.c.i.embedder.EclipseLogger - Copying 0 resource
2018-05-01 14:40:30,604 [Worker-35] INFO  o.e.m.c.i.embedder.EclipseLogger - Using 'UTF-8' encoding to copy filtered resources.
2018-05-01 14:40:30,605 [Worker-35] INFO  o.e.m.c.i.embedder.EclipseLogger - Copying 0 resource
2018-05-01 14:40:30,606 [Worker-35] INFO  o.e.m.c.i.embedder.EclipseLogger - Using 'UTF-8' encoding to copy filtered resources.
2018-05-01 14:40:30,607 [Worker-35] INFO  o.e.m.c.i.embedder.EclipseLogger - Copying 2 resources
2018-05-01 14:40:48,631 [Worker-9] INFO  o.e.m.c.i.embedder.EclipseLogger - Using 'UTF-8' encoding to copy filtered resources.
2018-05-01 14:40:48,632 [Worker-9] INFO  o.e.m.c.i.embedder.EclipseLogger - Copying 0 resource
2018-05-01 14:40:48,634 [Worker-9] INFO  o.e.m.c.i.embedder.EclipseLogger - Using 'UTF-8' encoding to copy filtered resources.
2018-05-01 14:40:48,635 [Worker-9] INFO  o.e.m.c.i.embedder.EclipseLogger - Copying 2 resources
2018-05-01 14:41:01,379 [Worker-35] INFO  o.e.m.c.i.embedder.EclipseLogger - Using 'UTF-8' encoding to copy filtered resources.
2018-05-01 14:41:01,381 [Worker-35] INFO  o.e.m.c.i.embedder.EclipseLogger - Copying 0 resource
2018-05-01 14:41:01,383 [Worker-35] INFO  o.e.m.c.i.embedder.EclipseLogger - Using 'UTF-8' encoding to copy filtered resources.
2018-05-01 14:41:01,383 [Worker-35] INFO  o.e.m.c.i.embedder.EclipseLogger - Copying 2 resources
2018-05-01 14:43:03,295 [Worker-9] INFO  o.e.m.c.i.embedder.EclipseLogger - Using 'UTF-8' encoding to copy filtered resources.
2018-05-01 14:43:03,296 [Worker-9] INFO  o.e.m.c.i.embedder.EclipseLogger - Copying 0 resource
2018-05-01 14:43:03,298 [Worker-9] INFO  o.e.m.c.i.embedder.EclipseLogger - Using 'UTF-8' encoding to copy filtered resources.
2018-05-01 14:43:03,299 [Worker-9] INFO  o.e.m.c.i.embedder.EclipseLogger - Copying 2 resources
2018-05-01 14:43:35,915 [Worker-32] INFO  o.e.m.c.i.embedder.EclipseLogger - Using 'UTF-8' encoding to copy filtered resources.
2018-05-01 14:43:35,918 [Worker-32] INFO  o.e.m.c.i.embedder.EclipseLogger - Copying 0 resource
2018-05-01 14:43:35,920 [Worker-32] INFO  o.e.m.c.i.embedder.EclipseLogger - Using 'UTF-8' encoding to copy filtered resources.
2018-05-01 14:43:35,921 [Worker-32] INFO  o.e.m.c.i.embedder.EclipseLogger - Copying 0 resource
2018-05-01 14:44:02,407 [Worker-9] INFO  o.e.m.c.i.embedder.EclipseLogger - Using 'UTF-8' encoding to copy filtered resources.
2018-05-01 14:44:02,412 [Worker-9] INFO  o.e.m.c.i.embedder.EclipseLogger - Copying 0 resource
2018-05-01 14:44:02,415 [Worker-9] INFO  o.e.m.c.i.embedder.EclipseLogger - Using 'UTF-8' encoding to copy filtered resources.
2018-05-01 14:44:02,416 [Worker-9] INFO  o.e.m.c.i.embedder.EclipseLogger - Copying 2 resources
2018-05-01 14:44:16,220 [Worker-36] INFO  o.e.m.c.i.embedder.EclipseLogger - Using 'UTF-8' encoding to copy filtered resources.
2018-05-01 14:44:16,223 [Worker-36] INFO  o.e.m.c.i.embedder.EclipseLogger - Copying 0 resource
2018-05-01 14:44:16,226 [Worker-36] INFO  o.e.m.c.i.embedder.EclipseLogger - Using 'UTF-8' encoding to copy filtered resources.
2018-05-01 14:44:16,227 [Worker-36] INFO  o.e.m.c.i.embedder.EclipseLogger - Copying 0 resource
2018-05-01 14:46:51,546 [Worker-34] INFO  o.e.m.c.i.embedder.EclipseLogger - Using 'UTF-8' encoding to copy filtered resources.
2018-05-01 14:46:51,549 [Worker-34] INFO  o.e.m.c.i.embedder.EclipseLogger - Copying 0 resource
2018-05-01 14:46:51,551 [Worker-34] INFO  o.e.m.c.i.embedder.EclipseLogger - Using 'UTF-8' encoding to copy filtered resources.
2018-05-01 14:46:51,552 [Worker-34] INFO  o.e.m.c.i.embedder.EclipseLogger - Copying 1 resource
2018-05-01 14:48:44,300 [Worker-36] INFO  o.e.m.c.i.embedder.EclipseLogger - Using 'UTF-8' encoding to copy filtered resources.
2018-05-01 14:48:44,304 [Worker-36] INFO  o.e.m.c.i.embedder.EclipseLogger - Copying 0 resource
2018-05-01 14:48:44,308 [Worker-36] INFO  o.e.m.c.i.embedder.EclipseLogger - Using 'UTF-8' encoding to copy filtered resources.
2018-05-01 14:48:44,310 [Worker-36] INFO  o.e.m.c.i.embedder.EclipseLogger - Copying 1 resource
2018-05-01 14:48:47,533 [Worker-37] INFO  o.e.m.c.i.l.LifecycleMappingFactory - Using org.eclipse.m2e.jdt.JarLifecycleMapping lifecycle mapping for MavenProject: swt1.ub1.a1:2091489:0.0.1-SNAPSHOT @ /Users/rusheeliyer/softwaretechnik/iMage/jmjrst.main/pom.xml.
2018-05-01 14:48:48,016 [Worker-37] INFO  o.e.m.c.i.embedder.EclipseLogger - Using 'UTF-8' encoding to copy filtered resources.
2018-05-01 14:48:48,023 [Worker-37] INFO  o.e.m.c.i.embedder.EclipseLogger - Copying 19 resources
2018-05-01 14:48:48,059 [Worker-37] INFO  o.e.m.c.i.embedder.EclipseLogger - Using 'UTF-8' encoding to copy filtered resources.
2018-05-01 14:48:48,059 [Worker-37] INFO  o.e.m.c.i.embedder.EclipseLogger - Copying 0 resource
2018-05-01 14:48:50,767 [Worker-37] INFO  o.e.m.c.i.embedder.EclipseLogger - Using 'UTF-8' encoding to copy filtered resources.
2018-05-01 14:48:50,768 [Worker-37] INFO  o.e.m.c.i.embedder.EclipseLogger - Copying 19 resources
2018-05-01 14:48:50,792 [Worker-37] INFO  o.e.m.c.i.embedder.EclipseLogger - Using 'UTF-8' encoding to copy filtered resources.
2018-05-01 14:48:50,793 [Worker-37] INFO  o.e.m.c.i.embedder.EclipseLogger - Copying 3 resources
2018-05-01 14:48:52,315 [Worker-34] INFO  o.e.m.c.i.l.LifecycleMappingFactory - Using org.eclipse.m2e.jdt.JarLifecycleMapping lifecycle mapping for MavenProject: swt1.ub1.a2:2091489:0.0.1-SNAPSHOT @ /Users/rusheeliyer/softwaretechnik/iMage/jmjrst.main/pom.xml.
2018-05-01 14:48:52,628 [Worker-34] INFO  o.e.m.c.i.embedder.EclipseLogger - Using 'UTF-8' encoding to copy filtered resources.
2018-05-01 14:48:52,637 [Worker-34] INFO  o.e.m.c.i.embedder.EclipseLogger - Copying 0 resource
2018-05-01 14:48:52,639 [Worker-34] INFO  o.e.m.c.i.embedder.EclipseLogger - Using 'UTF-8' encoding to copy filtered resources.
2018-05-01 14:48:52,640 [Worker-34] INFO  o.e.m.c.i.embedder.EclipseLogger - Copying 0 resource
2018-05-01 14:48:54,584 [Worker-36] INFO  o.e.m.c.i.embedder.EclipseLogger - Using 'UTF-8' encoding to copy filtered resources.
2018-05-01 14:48:54,586 [Worker-36] INFO  o.e.m.c.i.embedder.EclipseLogger - Copying 19 resources
2018-05-01 14:48:54,620 [Worker-36] INFO  o.e.m.c.i.embedder.EclipseLogger - Using 'UTF-8' encoding to copy filtered resources.
2018-05-01 14:48:54,621 [Worker-36] INFO  o.e.m.c.i.embedder.EclipseLogger - Copying 3 resources
2018-05-01 14:49:13,145 [Worker-32] INFO  o.e.m.i.launch.MavenLaunchDelegate - /Users/rusheeliyer/softwaretechnik/iMage
2018-05-01 14:49:13,148 [Worker-32] INFO  o.e.m.i.launch.MavenLaunchDelegate -  mvn -B package
2018-05-01 14:52:05,872 [Worker-40] INFO  o.e.m.c.i.embedder.EclipseLogger - Using 'UTF-8' encoding to copy filtered resources.
2018-05-01 14:52:05,879 [Worker-40] INFO  o.e.m.c.i.embedder.EclipseLogger - Copying 0 resource
2018-05-01 14:52:05,881 [Worker-40] INFO  o.e.m.c.i.embedder.EclipseLogger - Using 'UTF-8' encoding to copy filtered resources.
2018-05-01 14:52:05,884 [Worker-40] INFO  o.e.m.c.i.embedder.EclipseLogger - Copying 3 resources
2018-05-01 14:53:40,102 [Worker-32] INFO  o.e.m.c.i.embedder.EclipseLogger - Using 'UTF-8' encoding to copy filtered resources.
2018-05-01 14:53:40,106 [Worker-32] INFO  o.e.m.c.i.embedder.EclipseLogger - Copying 0 resource
2018-05-01 14:53:40,109 [Worker-32] INFO  o.e.m.c.i.embedder.EclipseLogger - Using 'UTF-8' encoding to copy filtered resources.
2018-05-01 14:53:40,124 [Worker-32] INFO  o.e.m.c.i.embedder.EclipseLogger - Copying 3 resources
2018-05-01 14:53:42,861 [Worker-40] INFO  o.e.m.c.i.embedder.EclipseLogger - Using 'UTF-8' encoding to copy filtered resources.
2018-05-01 14:53:42,861 [Worker-40] INFO  o.e.m.c.i.embedder.EclipseLogger - Copying 0 resource
2018-05-01 14:53:42,863 [Worker-40] INFO  o.e.m.c.i.embedder.EclipseLogger - Using 'UTF-8' encoding to copy filtered resources.
2018-05-01 14:53:42,864 [Worker-40] INFO  o.e.m.c.i.embedder.EclipseLogger - Copying 3 resources
2018-05-01 14:53:55,695 [Worker-40] INFO  o.e.m.c.i.embedder.EclipseLogger - Using 'UTF-8' encoding to copy filtered resources.
2018-05-01 14:53:55,699 [Worker-40] INFO  o.e.m.c.i.embedder.EclipseLogger - Copying 0 resource
2018-05-01 14:53:55,701 [Worker-40] INFO  o.e.m.c.i.embedder.EclipseLogger - Using 'UTF-8' encoding to copy filtered resources.
2018-05-01 14:53:55,701 [Worker-40] INFO  o.e.m.c.i.embedder.EclipseLogger - Copying 3 resources
2018-05-01 14:54:19,023 [Worker-33] INFO  o.e.m.i.launch.MavenLaunchDelegate - /Users/rusheeliyer/softwaretechnik/iMage
2018-05-01 14:54:19,024 [Worker-33] INFO  o.e.m.i.launch.MavenLaunchDelegate -  mvn -B package
2018-05-01 14:56:55,858 [Worker-39] INFO  o.e.m.c.i.embedder.EclipseLogger - Using 'UTF-8' encoding to copy filtered resources.
2018-05-01 14:56:55,872 [Worker-39] INFO  o.e.m.c.i.embedder.EclipseLogger - Copying 0 resource
2018-05-01 14:56:55,874 [Worker-39] INFO  o.e.m.c.i.embedder.EclipseLogger - Using 'UTF-8' encoding to copy filtered resources.
2018-05-01 14:56:55,875 [Worker-39] INFO  o.e.m.c.i.embedder.EclipseLogger - Copying 0 resource
2018-05-01 14:57:06,980 [Worker-33] INFO  o.e.m.c.i.embedder.EclipseLogger - Using 'UTF-8' encoding to copy filtered resources.
2018-05-01 14:57:06,980 [Worker-33] INFO  o.e.m.c.i.embedder.EclipseLogger - Copying 0 resource
2018-05-01 14:57:06,989 [Worker-33] INFO  o.e.m.c.i.embedder.EclipseLogger - Using 'UTF-8' encoding to copy filtered resources.
2018-05-01 14:57:06,990 [Worker-33] INFO  o.e.m.c.i.embedder.EclipseLogger - Copying 3 resources
2018-05-01 14:57:30,034 [Worker-32] INFO  o.e.m.c.i.embedder.EclipseLogger - Using 'UTF-8' encoding to copy filtered resources.
2018-05-01 14:57:30,037 [Worker-32] INFO  o.e.m.c.i.embedder.EclipseLogger - Copying 0 resource
2018-05-01 14:57:30,039 [Worker-32] INFO  o.e.m.c.i.embedder.EclipseLogger - Using 'UTF-8' encoding to copy filtered resources.
2018-05-01 14:57:30,039 [Worker-32] INFO  o.e.m.c.i.embedder.EclipseLogger - Copying 3 resources
2018-05-01 14:57:45,364 [Worker-32] INFO  o.e.m.c.i.embedder.EclipseLogger - Using 'UTF-8' encoding to copy filtered resources.
2018-05-01 14:57:45,371 [Worker-32] INFO  o.e.m.c.i.embedder.EclipseLogger - Copying 19 resources
2018-05-01 14:57:45,388 [Worker-32] INFO  o.e.m.c.i.embedder.EclipseLogger - Using 'UTF-8' encoding to copy filtered resources.
2018-05-01 14:57:45,389 [Worker-32] INFO  o.e.m.c.i.embedder.EclipseLogger - Copying 3 resources
2018-05-01 14:57:55,045 [Worker-38] INFO  o.e.m.c.i.embedder.EclipseLogger - Using 'UTF-8' encoding to copy filtered resources.
2018-05-01 14:57:55,049 [Worker-38] INFO  o.e.m.c.i.embedder.EclipseLogger - Copying 19 resources
2018-05-01 14:57:55,073 [Worker-38] INFO  o.e.m.c.i.embedder.EclipseLogger - Using 'UTF-8' encoding to copy filtered resources.
2018-05-01 14:57:55,074 [Worker-38] INFO  o.e.m.c.i.embedder.EclipseLogger - Copying 3 resources
2018-05-01 14:58:01,554 [Worker-32] INFO  o.e.m.c.i.embedder.EclipseLogger - Using 'UTF-8' encoding to copy filtered resources.
2018-05-01 14:58:01,554 [Worker-32] INFO  o.e.m.c.i.embedder.EclipseLogger - Copying 0 resource
2018-05-01 14:58:01,555 [Worker-32] INFO  o.e.m.c.i.embedder.EclipseLogger - Using 'UTF-8' encoding to copy filtered resources.
2018-05-01 14:58:01,556 [Worker-32] INFO  o.e.m.c.i.embedder.EclipseLogger - Copying 3 resources
2018-05-01 14:58:15,756 [Worker-38] INFO  o.e.m.c.i.embedder.EclipseLogger - Using 'UTF-8' encoding to copy filtered resources.
2018-05-01 14:58:15,758 [Worker-38] INFO  o.e.m.c.i.embedder.EclipseLogger - Copying 0 resource
2018-05-01 14:58:15,760 [Worker-38] INFO  o.e.m.c.i.embedder.EclipseLogger - Using 'UTF-8' encoding to copy filtered resources.
2018-05-01 14:58:15,761 [Worker-38] INFO  o.e.m.c.i.embedder.EclipseLogger - Copying 3 resources
2018-05-01 14:58:35,243 [Worker-39] INFO  o.e.m.c.i.embedder.EclipseLogger - Using 'UTF-8' encoding to copy filtered resources.
2018-05-01 14:58:35,244 [Worker-39] INFO  o.e.m.c.i.embedder.EclipseLogger - Copying 0 resource
2018-05-01 14:58:35,247 [Worker-39] INFO  o.e.m.c.i.embedder.EclipseLogger - Using 'UTF-8' encoding to copy filtered resources.
2018-05-01 14:58:35,248 [Worker-39] INFO  o.e.m.c.i.embedder.EclipseLogger - Copying 3 resources
2018-05-01 14:58:51,238 [Worker-41] INFO  o.e.m.c.i.embedder.EclipseLogger - Using 'UTF-8' encoding to copy filtered resources.
2018-05-01 14:58:51,239 [Worker-41] INFO  o.e.m.c.i.embedder.EclipseLogger - Copying 0 resource
2018-05-01 14:58:51,240 [Worker-41] INFO  o.e.m.c.i.embedder.EclipseLogger - Using 'UTF-8' encoding to copy filtered resources.
2018-05-01 14:58:51,241 [Worker-41] INFO  o.e.m.c.i.embedder.EclipseLogger - Copying 3 resources
2018-05-01 14:59:08,819 [Worker-32] INFO  o.e.m.c.i.embedder.EclipseLogger - Using 'UTF-8' encoding to copy filtered resources.
2018-05-01 14:59:08,820 [Worker-32] INFO  o.e.m.c.i.embedder.EclipseLogger - Copying 0 resource
2018-05-01 14:59:08,822 [Worker-32] INFO  o.e.m.c.i.embedder.EclipseLogger - Using 'UTF-8' encoding to copy filtered resources.
2018-05-01 14:59:08,822 [Worker-32] INFO  o.e.m.c.i.embedder.EclipseLogger - Copying 3 resources
2018-05-01 14:59:26,743 [Worker-33] INFO  o.e.m.c.i.embedder.EclipseLogger - Using 'UTF-8' encoding to copy filtered resources.
2018-05-01 14:59:26,743 [Worker-33] INFO  o.e.m.c.i.embedder.EclipseLogger - Copying 0 resource
2018-05-01 14:59:26,745 [Worker-33] INFO  o.e.m.c.i.embedder.EclipseLogger - Using 'UTF-8' encoding to copy filtered resources.
2018-05-01 14:59:26,745 [Worker-33] INFO  o.e.m.c.i.embedder.EclipseLogger - Copying 3 resources
2018-05-01 14:59:35,592 [Worker-41] INFO  o.e.m.c.i.embedder.EclipseLogger - Using 'UTF-8' encoding to copy filtered resources.
2018-05-01 14:59:35,592 [Worker-41] INFO  o.e.m.c.i.embedder.EclipseLogger - Copying 0 resource
2018-05-01 14:59:35,594 [Worker-41] INFO  o.e.m.c.i.embedder.EclipseLogger - Using 'UTF-8' encoding to copy filtered resources.
2018-05-01 14:59:35,595 [Worker-41] INFO  o.e.m.c.i.embedder.EclipseLogger - Copying 3 resources
2018-05-01 14:59:44,672 [Worker-39] INFO  o.e.m.c.i.embedder.EclipseLogger - Using 'UTF-8' encoding to copy filtered resources.
2018-05-01 14:59:44,672 [Worker-39] INFO  o.e.m.c.i.embedder.EclipseLogger - Copying 0 resource
2018-05-01 14:59:44,673 [Worker-39] INFO  o.e.m.c.i.embedder.EclipseLogger - Using 'UTF-8' encoding to copy filtered resources.
2018-05-01 14:59:44,677 [Worker-39] INFO  o.e.m.c.i.embedder.EclipseLogger - Copying 3 resources
2018-05-01 15:01:42,779 [Worker-39] INFO  o.e.m.c.i.embedder.EclipseLogger - Using 'UTF-8' encoding to copy filtered resources.
2018-05-01 15:01:42,782 [Worker-39] INFO  o.e.m.c.i.embedder.EclipseLogger - Copying 0 resource
2018-05-01 15:01:42,785 [Worker-39] INFO  o.e.m.c.i.embedder.EclipseLogger - Using 'UTF-8' encoding to copy filtered resources.
2018-05-01 15:01:42,789 [Worker-39] INFO  o.e.m.c.i.embedder.EclipseLogger - Copying 3 resources
2018-05-01 15:01:48,452 [Worker-38] INFO  o.e.m.c.i.embedder.EclipseLogger - Using 'UTF-8' encoding to copy filtered resources.
2018-05-01 15:01:48,463 [Worker-38] INFO  o.e.m.c.i.embedder.EclipseLogger - Copying 0 resource
2018-05-01 15:01:48,465 [Worker-38] INFO  o.e.m.c.i.embedder.EclipseLogger - Using 'UTF-8' encoding to copy filtered resources.
2018-05-01 15:01:48,467 [Worker-38] INFO  o.e.m.c.i.embedder.EclipseLogger - Copying 3 resources
2018-05-01 15:02:07,497 [Worker-32] INFO  o.e.m.c.i.embedder.EclipseLogger - Using 'UTF-8' encoding to copy filtered resources.
2018-05-01 15:02:07,499 [Worker-32] INFO  o.e.m.c.i.embedder.EclipseLogger - Copying 0 resource
2018-05-01 15:02:07,502 [Worker-32] INFO  o.e.m.c.i.embedder.EclipseLogger - Using 'UTF-8' encoding to copy filtered resources.
2018-05-01 15:02:07,503 [Worker-32] INFO  o.e.m.c.i.embedder.EclipseLogger - Copying 1 resource
2018-05-01 15:03:21,905 [Worker-43] INFO  o.e.m.c.i.embedder.EclipseLogger - Using 'UTF-8' encoding to copy filtered resources.
2018-05-01 15:03:21,920 [Worker-43] INFO  o.e.m.c.i.embedder.EclipseLogger - Copying 0 resource
2018-05-01 15:03:21,944 [Worker-43] INFO  o.e.m.c.i.embedder.EclipseLogger - Using 'UTF-8' encoding to copy filtered resources.
2018-05-01 15:03:21,946 [Worker-43] INFO  o.e.m.c.i.embedder.EclipseLogger - Copying 4 resources
2018-05-01 15:05:42,854 [Worker-33] INFO  o.e.m.c.i.embedder.EclipseLogger - Using 'UTF-8' encoding to copy filtered resources.
2018-05-01 15:05:42,862 [Worker-33] INFO  o.e.m.c.i.embedder.EclipseLogger - Copying 0 resource
2018-05-01 15:05:42,871 [Worker-33] INFO  o.e.m.c.i.embedder.EclipseLogger - Using 'UTF-8' encoding to copy filtered resources.
2018-05-01 15:05:42,872 [Worker-33] INFO  o.e.m.c.i.embedder.EclipseLogger - Copying 4 resources
2018-05-01 15:05:44,079 [Worker-43] INFO  o.e.m.c.i.embedder.EclipseLogger - Using 'UTF-8' encoding to copy filtered resources.
2018-05-01 15:05:44,079 [Worker-43] INFO  o.e.m.c.i.embedder.EclipseLogger - Copying 0 resource
2018-05-01 15:05:44,080 [Worker-43] INFO  o.e.m.c.i.embedder.EclipseLogger - Using 'UTF-8' encoding to copy filtered resources.
2018-05-01 15:05:44,081 [Worker-43] INFO  o.e.m.c.i.embedder.EclipseLogger - Copying 1 resource
2018-05-01 15:05:50,837 [Worker-32] INFO  o.e.m.c.i.embedder.EclipseLogger - Using 'UTF-8' encoding to copy filtered resources.
2018-05-01 15:05:50,839 [Worker-32] INFO  o.e.m.c.i.embedder.EclipseLogger - Copying 0 resource
2018-05-01 15:05:50,841 [Worker-32] INFO  o.e.m.c.i.embedder.EclipseLogger - Using 'UTF-8' encoding to copy filtered resources.
2018-05-01 15:05:50,842 [Worker-32] INFO  o.e.m.c.i.embedder.EclipseLogger - Copying 4 resources
2018-05-01 15:06:28,790 [Worker-38] INFO  o.e.m.c.i.embedder.EclipseLogger - Using 'UTF-8' encoding to copy filtered resources.
2018-05-01 15:06:28,792 [Worker-38] INFO  o.e.m.c.i.embedder.EclipseLogger - Copying 0 resource
2018-05-01 15:06:28,793 [Worker-38] INFO  o.e.m.c.i.embedder.EclipseLogger - Using 'UTF-8' encoding to copy filtered resources.
2018-05-01 15:06:28,794 [Worker-38] INFO  o.e.m.c.i.embedder.EclipseLogger - Copying 4 resources
2018-05-01 15:06:29,866 [Worker-32] INFO  o.e.m.c.i.embedder.EclipseLogger - Using 'UTF-8' encoding to copy filtered resources.
2018-05-01 15:06:29,866 [Worker-32] INFO  o.e.m.c.i.embedder.EclipseLogger - Copying 0 resource
2018-05-01 15:06:29,868 [Worker-32] INFO  o.e.m.c.i.embedder.EclipseLogger - Using 'UTF-8' encoding to copy filtered resources.
2018-05-01 15:06:29,869 [Worker-32] INFO  o.e.m.c.i.embedder.EclipseLogger - Copying 1 resource
2018-05-01 15:07:07,273 [Worker-33] INFO  o.e.m.c.i.embedder.EclipseLogger - Using 'UTF-8' encoding to copy filtered resources.
2018-05-01 15:07:07,279 [Worker-33] INFO  o.e.m.c.i.embedder.EclipseLogger - Copying 0 resource
2018-05-01 15:07:07,280 [Worker-33] INFO  o.e.m.c.i.embedder.EclipseLogger - Using 'UTF-8' encoding to copy filtered resources.
2018-05-01 15:07:07,281 [Worker-33] INFO  o.e.m.c.i.embedder.EclipseLogger - Copying 1 resource
2018-05-01 15:07:09,915 [Worker-45] INFO  o.e.m.c.i.embedder.EclipseLogger - Using 'UTF-8' encoding to copy filtered resources.
2018-05-01 15:07:09,915 [Worker-45] INFO  o.e.m.c.i.embedder.EclipseLogger - Copying 0 resource
2018-05-01 15:07:09,917 [Worker-45] INFO  o.e.m.c.i.embedder.EclipseLogger - Using 'UTF-8' encoding to copy filtered resources.
2018-05-01 15:07:09,917 [Worker-45] INFO  o.e.m.c.i.embedder.EclipseLogger - Copying 4 resources
2018-05-01 15:07:16,232 [Worker-42] INFO  o.e.m.c.i.embedder.EclipseLogger - Using 'UTF-8' encoding to copy filtered resources.
2018-05-01 15:07:16,232 [Worker-42] INFO  o.e.m.c.i.embedder.EclipseLogger - Copying 0 resource
2018-05-01 15:07:16,234 [Worker-42] INFO  o.e.m.c.i.embedder.EclipseLogger - Using 'UTF-8' encoding to copy filtered resources.
2018-05-01 15:07:16,234 [Worker-42] INFO  o.e.m.c.i.embedder.EclipseLogger - Copying 4 resources
2018-05-01 15:07:47,873 [Worker-33] INFO  o.e.m.c.i.embedder.EclipseLogger - Using 'UTF-8' encoding to copy filtered resources.
2018-05-01 15:07:47,877 [Worker-33] INFO  o.e.m.c.i.embedder.EclipseLogger - Copying 0 resource
2018-05-01 15:07:47,879 [Worker-33] INFO  o.e.m.c.i.embedder.EclipseLogger - Using 'UTF-8' encoding to copy filtered resources.
2018-05-01 15:07:47,880 [Worker-33] INFO  o.e.m.c.i.embedder.EclipseLogger - Copying 0 resource
2018-05-01 15:08:01,607 [Worker-43] INFO  o.e.m.c.i.embedder.EclipseLogger - Using 'UTF-8' encoding to copy filtered resources.
2018-05-01 15:08:01,607 [Worker-43] INFO  o.e.m.c.i.embedder.EclipseLogger - Copying 0 resource
2018-05-01 15:08:01,608 [Worker-43] INFO  o.e.m.c.i.embedder.EclipseLogger - Using 'UTF-8' encoding to copy filtered resources.
2018-05-01 15:08:01,609 [Worker-43] INFO  o.e.m.c.i.embedder.EclipseLogger - Copying 3 resources
2018-05-01 15:08:17,521 [Worker-38] INFO  o.e.m.c.i.embedder.EclipseLogger - Using 'UTF-8' encoding to copy filtered resources.
2018-05-01 15:08:17,537 [Worker-38] INFO  o.e.m.c.i.embedder.EclipseLogger - Copying 0 resource
2018-05-01 15:08:17,538 [Worker-38] INFO  o.e.m.c.i.embedder.EclipseLogger - Using 'UTF-8' encoding to copy filtered resources.
2018-05-01 15:08:17,538 [Worker-38] INFO  o.e.m.c.i.embedder.EclipseLogger - Copying 3 resources
2018-05-01 15:08:23,673 [Worker-32] INFO  o.e.m.c.i.embedder.EclipseLogger - Using 'UTF-8' encoding to copy filtered resources.
2018-05-01 15:08:23,676 [Worker-32] INFO  o.e.m.c.i.embedder.EclipseLogger - Copying 0 resource
2018-05-01 15:08:23,678 [Worker-32] INFO  o.e.m.c.i.embedder.EclipseLogger - Using 'UTF-8' encoding to copy filtered resources.
2018-05-01 15:08:23,678 [Worker-32] INFO  o.e.m.c.i.embedder.EclipseLogger - Copying 3 resources
2018-05-01 15:08:48,744 [Worker-39] INFO  o.e.m.c.i.embedder.EclipseLogger - Using 'UTF-8' encoding to copy filtered resources.
2018-05-01 15:08:48,745 [Worker-39] INFO  o.e.m.c.i.embedder.EclipseLogger - Copying 0 resource
2018-05-01 15:08:48,746 [Worker-39] INFO  o.e.m.c.i.embedder.EclipseLogger - Using 'UTF-8' encoding to copy filtered resources.
2018-05-01 15:08:48,747 [Worker-39] INFO  o.e.m.c.i.embedder.EclipseLogger - Copying 4 resources
2018-05-01 15:09:20,317 [Worker-32] INFO  o.e.m.c.i.embedder.EclipseLogger - Using 'UTF-8' encoding to copy filtered resources.
2018-05-01 15:09:20,317 [Worker-32] INFO  o.e.m.c.i.embedder.EclipseLogger - Copying 0 resource
2018-05-01 15:09:20,318 [Worker-32] INFO  o.e.m.c.i.embedder.EclipseLogger - Using 'UTF-8' encoding to copy filtered resources.
2018-05-01 15:09:20,319 [Worker-32] INFO  o.e.m.c.i.embedder.EclipseLogger - Copying 4 resources
2018-05-01 15:09:53,515 [Worker-39] INFO  o.e.m.c.i.embedder.EclipseLogger - Using 'UTF-8' encoding to copy filtered resources.
2018-05-01 15:09:53,516 [Worker-39] INFO  o.e.m.c.i.embedder.EclipseLogger - Copying 0 resource
2018-05-01 15:09:53,517 [Worker-39] INFO  o.e.m.c.i.embedder.EclipseLogger - Using 'UTF-8' encoding to copy filtered resources.
2018-05-01 15:09:53,517 [Worker-39] INFO  o.e.m.c.i.embedder.EclipseLogger - Copying 4 resources
2018-05-01 15:10:38,145 [Worker-33] INFO  o.e.m.i.launch.MavenLaunchDelegate - /Users/rusheeliyer/softwaretechnik/iMage
2018-05-01 15:10:38,146 [Worker-33] INFO  o.e.m.i.launch.MavenLaunchDelegate -  mvn -B package
2018-05-01 15:10:59,973 [Worker-45] INFO  o.e.m.c.i.l.LifecycleMappingFactory - Using org.eclipse.m2e.jdt.JarLifecycleMapping lifecycle mapping for MavenProject: swt1.ub1.a3:2091489:0.0.1-SNAPSHOT @ /Users/rusheeliyer/softwaretechnik/iMage/jmjrst.main/pom.xml.
2018-05-01 15:11:00,401 [Worker-45] INFO  o.e.m.c.i.embedder.EclipseLogger - Using 'UTF-8' encoding to copy filtered resources.
2018-05-01 15:11:00,407 [Worker-45] INFO  o.e.m.c.i.embedder.EclipseLogger - Copying 0 resource
2018-05-01 15:11:00,409 [Worker-45] INFO  o.e.m.c.i.embedder.EclipseLogger - Using 'UTF-8' encoding to copy filtered resources.
2018-05-01 15:11:00,409 [Worker-45] INFO  o.e.m.c.i.embedder.EclipseLogger - Copying 0 resource
2018-05-01 15:11:03,727 [Worker-43] INFO  o.e.m.i.launch.MavenLaunchDelegate - /Users/rusheeliyer/softwaretechnik/iMage
2018-05-01 15:11:03,727 [Worker-43] INFO  o.e.m.i.launch.MavenLaunchDelegate -  mvn -B package
2018-05-01 15:12:20,750 [Worker-45] INFO  o.e.m.c.i.embedder.EclipseLogger - Using 'UTF-8' encoding to copy filtered resources.
2018-05-01 15:12:20,759 [Worker-45] INFO  o.e.m.c.i.embedder.EclipseLogger - Copying 0 resource
2018-05-01 15:12:20,763 [Worker-45] INFO  o.e.m.c.i.embedder.EclipseLogger - Using 'UTF-8' encoding to copy filtered resources.
2018-05-01 15:12:20,764 [Worker-45] INFO  o.e.m.c.i.embedder.EclipseLogger - Copying 4 resources
2018-05-01 15:12:49,324 [Stop Help Server] INFO  o.e.jetty.server.AbstractConnector - Stopped ServerConnector@6a93242f{HTTP/1.1,[http/1.1]}{127.0.0.1:0}
2018-05-01 15:12:49,326 [Stop Help Server] INFO  org.eclipse.jetty.server.session - Stopped scavenging
2018-05-01 15:12:49,392 [Stop Help Server] INFO  o.e.j.server.handler.ContextHandler - Stopped o.e.j.s.ServletContextHandler@6ab3051a{/help,null,UNAVAILABLE}
2018-05-06 15:09:15,330 [Worker-1] INFO  c.g.t.t.d.PublishedGradleVersions - Gradle version information cache is out-of-date. Trying to update.
